<?xml version="1.0" encoding="UTF-8"?>
<testsuite classname="behat.features" errors="0" failures="11" name="Get the structure of any class" file="/Users/jflepine/Sites/atw/github/audit/tests/features/i-can-know-the-structure-of-any-class.feature" tests="11" time="0.031536">
    <testcase classname="Get the structure of any class" name="Get the methods of class" time="0.007559">
        <failure message="Undefined step &quot;I am a standard user&quot;" type="undefined"><![CDATA[
exception 'Behat\Behat\Exception\UndefinedException' with message 'Undefined step "I am a standard user"' in /Users/jflepine/Sites/atw/github/audit/vendor/behat/behat/src/Behat/Behat/Definition/DefinitionDispatcher.php:169
Stack trace:
#0 /Users/jflepine/Sites/atw/github/audit/vendor/behat/behat/src/Behat/Behat/Tester/StepTester.php(117): Behat\Behat\Definition\DefinitionDispatcher->findDefinition(Object(FeatureContext), Object(Behat\Gherkin\Node\StepNode))
#1 /Users/jflepine/Sites/atw/github/audit/vendor/behat/behat/src/Behat/Behat/Tester/StepTester.php(95): Behat\Behat\Tester\StepTester->executeStep(Object(Behat\Gherkin\Node\StepNode))
#2 /Users/jflepine/Sites/atw/github/audit/vendor/behat/gherkin/src/Behat/Gherkin/Node/AbstractNode.php(42): Behat\Behat\Tester\StepTester->visit(Object(Behat\Gherkin\Node\StepNode))
#3 /Users/jflepine/Sites/atw/github/audit/vendor/behat/behat/src/Behat/Behat/Tester/BackgroundTester.php(97): Behat\Gherkin\Node\AbstractNode->accept(Object(Behat\Behat\Tester\StepTester))
#4 /Users/jflepine/Sites/atw/github/audit/vendor/behat/gherkin/src/Behat/Gherkin/Node/AbstractNode.php(42): Behat\Behat\Tester\BackgroundTester->visit(Object(Behat\Gherkin\Node\BackgroundNode))
#5 /Users/jflepine/Sites/atw/github/audit/vendor/behat/behat/src/Behat/Behat/Tester/ScenarioTester.php(120): Behat\Gherkin\Node\AbstractNode->accept(Object(Behat\Behat\Tester\BackgroundTester))
#6 /Users/jflepine/Sites/atw/github/audit/vendor/behat/behat/src/Behat/Behat/Tester/ScenarioTester.php(78): Behat\Behat\Tester\ScenarioTester->visitBackground(Object(Behat\Gherkin\Node\BackgroundNode), Object(Behat\Gherkin\Node\ScenarioNode), Object(FeatureContext))
#7 /Users/jflepine/Sites/atw/github/audit/vendor/behat/gherkin/src/Behat/Gherkin/Node/AbstractNode.php(42): Behat\Behat\Tester\ScenarioTester->visit(Object(Behat\Gherkin\Node\ScenarioNode))
#8 /Users/jflepine/Sites/atw/github/audit/vendor/behat/behat/src/Behat/Behat/Tester/FeatureTester.php(88): Behat\Gherkin\Node\AbstractNode->accept(Object(Behat\Behat\Tester\ScenarioTester))
#9 /Users/jflepine/Sites/atw/github/audit/vendor/behat/gherkin/src/Behat/Gherkin/Node/AbstractNode.php(42): Behat\Behat\Tester\FeatureTester->visit(Object(Behat\Gherkin\Node\FeatureNode))
#10 /Users/jflepine/Sites/atw/github/audit/vendor/behat/behat/src/Behat/Behat/Console/Command/BehatCommand.php(150): Behat\Gherkin\Node\AbstractNode->accept(Object(Behat\Behat\Tester\FeatureTester))
#11 /Users/jflepine/Sites/atw/github/audit/vendor/behat/behat/src/Behat/Behat/Console/Command/BehatCommand.php(128): Behat\Behat\Console\Command\BehatCommand->runFeatures(Object(Behat\Gherkin\Gherkin))
#12 /Users/jflepine/Sites/atw/github/audit/vendor/symfony/console/Symfony/Component/Console/Command/Command.php(238): Behat\Behat\Console\Command\BehatCommand->execute(Object(Symfony\Component\Console\Input\ArgvInput), Object(Symfony\Component\Console\Output\ConsoleOutput))
#13 /Users/jflepine/Sites/atw/github/audit/vendor/symfony/console/Symfony/Component/Console/Application.php(192): Symfony\Component\Console\Command\Command->run(Object(Symfony\Component\Console\Input\ArgvInput), Object(Symfony\Component\Console\Output\ConsoleOutput))
#14 /Users/jflepine/Sites/atw/github/audit/vendor/behat/behat/src/Behat/Behat/Console/BehatApplication.php(68): Symfony\Component\Console\Application->doRun(Object(Symfony\Component\Console\Input\ArgvInput), Object(Symfony\Component\Console\Output\ConsoleOutput))
#15 /Users/jflepine/Sites/atw/github/audit/vendor/symfony/console/Symfony/Component/Console/Application.php(105): Behat\Behat\Console\BehatApplication->doRun(Object(Symfony\Component\Console\Input\ArgvInput), Object(Symfony\Component\Console\Output\ConsoleOutput))
#16 /Users/jflepine/Sites/atw/github/audit/vendor/behat/behat/bin/behat(29): Symfony\Component\Console\Application->run()
#17 {main}
]]></failure>
        <failure message="Undefined step &quot;that the class &quot;class1&quot; exists&quot;" type="undefined"><![CDATA[
exception 'Behat\Behat\Exception\UndefinedException' with message 'Undefined step "that the class "class1" exists"' in /Users/jflepine/Sites/atw/github/audit/vendor/behat/behat/src/Behat/Behat/Definition/DefinitionDispatcher.php:169
Stack trace:
#0 /Users/jflepine/Sites/atw/github/audit/vendor/behat/behat/src/Behat/Behat/Tester/StepTester.php(117): Behat\Behat\Definition\DefinitionDispatcher->findDefinition(Object(FeatureContext), Object(Behat\Gherkin\Node\StepNode))
#1 /Users/jflepine/Sites/atw/github/audit/vendor/behat/behat/src/Behat/Behat/Tester/StepTester.php(95): Behat\Behat\Tester\StepTester->executeStep(Object(Behat\Gherkin\Node\StepNode))
#2 /Users/jflepine/Sites/atw/github/audit/vendor/behat/gherkin/src/Behat/Gherkin/Node/AbstractNode.php(42): Behat\Behat\Tester\StepTester->visit(Object(Behat\Gherkin\Node\StepNode))
#3 /Users/jflepine/Sites/atw/github/audit/vendor/behat/behat/src/Behat/Behat/Tester/ScenarioTester.php(148): Behat\Gherkin\Node\AbstractNode->accept(Object(Behat\Behat\Tester\StepTester))
#4 /Users/jflepine/Sites/atw/github/audit/vendor/behat/behat/src/Behat/Behat/Tester/ScenarioTester.php(87): Behat\Behat\Tester\ScenarioTester->visitStep(Object(Behat\Gherkin\Node\StepNode), Object(Behat\Gherkin\Node\ScenarioNode), Object(FeatureContext), Array, true)
#5 /Users/jflepine/Sites/atw/github/audit/vendor/behat/gherkin/src/Behat/Gherkin/Node/AbstractNode.php(42): Behat\Behat\Tester\ScenarioTester->visit(Object(Behat\Gherkin\Node\ScenarioNode))
#6 /Users/jflepine/Sites/atw/github/audit/vendor/behat/behat/src/Behat/Behat/Tester/FeatureTester.php(88): Behat\Gherkin\Node\AbstractNode->accept(Object(Behat\Behat\Tester\ScenarioTester))
#7 /Users/jflepine/Sites/atw/github/audit/vendor/behat/gherkin/src/Behat/Gherkin/Node/AbstractNode.php(42): Behat\Behat\Tester\FeatureTester->visit(Object(Behat\Gherkin\Node\FeatureNode))
#8 /Users/jflepine/Sites/atw/github/audit/vendor/behat/behat/src/Behat/Behat/Console/Command/BehatCommand.php(150): Behat\Gherkin\Node\AbstractNode->accept(Object(Behat\Behat\Tester\FeatureTester))
#9 /Users/jflepine/Sites/atw/github/audit/vendor/behat/behat/src/Behat/Behat/Console/Command/BehatCommand.php(128): Behat\Behat\Console\Command\BehatCommand->runFeatures(Object(Behat\Gherkin\Gherkin))
#10 /Users/jflepine/Sites/atw/github/audit/vendor/symfony/console/Symfony/Component/Console/Command/Command.php(238): Behat\Behat\Console\Command\BehatCommand->execute(Object(Symfony\Component\Console\Input\ArgvInput), Object(Symfony\Component\Console\Output\ConsoleOutput))
#11 /Users/jflepine/Sites/atw/github/audit/vendor/symfony/console/Symfony/Component/Console/Application.php(192): Symfony\Component\Console\Command\Command->run(Object(Symfony\Component\Console\Input\ArgvInput), Object(Symfony\Component\Console\Output\ConsoleOutput))
#12 /Users/jflepine/Sites/atw/github/audit/vendor/behat/behat/src/Behat/Behat/Console/BehatApplication.php(68): Symfony\Component\Console\Application->doRun(Object(Symfony\Component\Console\Input\ArgvInput), Object(Symfony\Component\Console\Output\ConsoleOutput))
#13 /Users/jflepine/Sites/atw/github/audit/vendor/symfony/console/Symfony/Component/Console/Application.php(105): Behat\Behat\Console\BehatApplication->doRun(Object(Symfony\Component\Console\Input\ArgvInput), Object(Symfony\Component\Console\Output\ConsoleOutput))
#14 /Users/jflepine/Sites/atw/github/audit/vendor/behat/behat/bin/behat(29): Symfony\Component\Console\Application->run()
#15 {main}
]]></failure>
        <failure message="Undefined step &quot;the class &quot;class1&quot; has the following methods:&quot;" type="undefined"><![CDATA[
exception 'Behat\Behat\Exception\UndefinedException' with message 'Undefined step "the class "class1" has the following methods:"' in /Users/jflepine/Sites/atw/github/audit/vendor/behat/behat/src/Behat/Behat/Definition/DefinitionDispatcher.php:169
Stack trace:
#0 /Users/jflepine/Sites/atw/github/audit/vendor/behat/behat/src/Behat/Behat/Tester/StepTester.php(117): Behat\Behat\Definition\DefinitionDispatcher->findDefinition(Object(FeatureContext), Object(Behat\Gherkin\Node\StepNode))
#1 /Users/jflepine/Sites/atw/github/audit/vendor/behat/behat/src/Behat/Behat/Tester/StepTester.php(95): Behat\Behat\Tester\StepTester->executeStep(Object(Behat\Gherkin\Node\StepNode))
#2 /Users/jflepine/Sites/atw/github/audit/vendor/behat/gherkin/src/Behat/Gherkin/Node/AbstractNode.php(42): Behat\Behat\Tester\StepTester->visit(Object(Behat\Gherkin\Node\StepNode))
#3 /Users/jflepine/Sites/atw/github/audit/vendor/behat/behat/src/Behat/Behat/Tester/ScenarioTester.php(148): Behat\Gherkin\Node\AbstractNode->accept(Object(Behat\Behat\Tester\StepTester))
#4 /Users/jflepine/Sites/atw/github/audit/vendor/behat/behat/src/Behat/Behat/Tester/ScenarioTester.php(87): Behat\Behat\Tester\ScenarioTester->visitStep(Object(Behat\Gherkin\Node\StepNode), Object(Behat\Gherkin\Node\ScenarioNode), Object(FeatureContext), Array, true)
#5 /Users/jflepine/Sites/atw/github/audit/vendor/behat/gherkin/src/Behat/Gherkin/Node/AbstractNode.php(42): Behat\Behat\Tester\ScenarioTester->visit(Object(Behat\Gherkin\Node\ScenarioNode))
#6 /Users/jflepine/Sites/atw/github/audit/vendor/behat/behat/src/Behat/Behat/Tester/FeatureTester.php(88): Behat\Gherkin\Node\AbstractNode->accept(Object(Behat\Behat\Tester\ScenarioTester))
#7 /Users/jflepine/Sites/atw/github/audit/vendor/behat/gherkin/src/Behat/Gherkin/Node/AbstractNode.php(42): Behat\Behat\Tester\FeatureTester->visit(Object(Behat\Gherkin\Node\FeatureNode))
#8 /Users/jflepine/Sites/atw/github/audit/vendor/behat/behat/src/Behat/Behat/Console/Command/BehatCommand.php(150): Behat\Gherkin\Node\AbstractNode->accept(Object(Behat\Behat\Tester\FeatureTester))
#9 /Users/jflepine/Sites/atw/github/audit/vendor/behat/behat/src/Behat/Behat/Console/Command/BehatCommand.php(128): Behat\Behat\Console\Command\BehatCommand->runFeatures(Object(Behat\Gherkin\Gherkin))
#10 /Users/jflepine/Sites/atw/github/audit/vendor/symfony/console/Symfony/Component/Console/Command/Command.php(238): Behat\Behat\Console\Command\BehatCommand->execute(Object(Symfony\Component\Console\Input\ArgvInput), Object(Symfony\Component\Console\Output\ConsoleOutput))
#11 /Users/jflepine/Sites/atw/github/audit/vendor/symfony/console/Symfony/Component/Console/Application.php(192): Symfony\Component\Console\Command\Command->run(Object(Symfony\Component\Console\Input\ArgvInput), Object(Symfony\Component\Console\Output\ConsoleOutput))
#12 /Users/jflepine/Sites/atw/github/audit/vendor/behat/behat/src/Behat/Behat/Console/BehatApplication.php(68): Symfony\Component\Console\Application->doRun(Object(Symfony\Component\Console\Input\ArgvInput), Object(Symfony\Component\Console\Output\ConsoleOutput))
#13 /Users/jflepine/Sites/atw/github/audit/vendor/symfony/console/Symfony/Component/Console/Application.php(105): Behat\Behat\Console\BehatApplication->doRun(Object(Symfony\Component\Console\Input\ArgvInput), Object(Symfony\Component\Console\Output\ConsoleOutput))
#14 /Users/jflepine/Sites/atw/github/audit/vendor/behat/behat/bin/behat(29): Symfony\Component\Console\Application->run()
#15 {main}
]]></failure>
        <failure message="Undefined step &quot;I analyse the structure of the class&quot;" type="undefined"><![CDATA[
exception 'Behat\Behat\Exception\UndefinedException' with message 'Undefined step "I analyse the structure of the class"' in /Users/jflepine/Sites/atw/github/audit/vendor/behat/behat/src/Behat/Behat/Definition/DefinitionDispatcher.php:169
Stack trace:
#0 /Users/jflepine/Sites/atw/github/audit/vendor/behat/behat/src/Behat/Behat/Tester/StepTester.php(117): Behat\Behat\Definition\DefinitionDispatcher->findDefinition(Object(FeatureContext), Object(Behat\Gherkin\Node\StepNode))
#1 /Users/jflepine/Sites/atw/github/audit/vendor/behat/behat/src/Behat/Behat/Tester/StepTester.php(95): Behat\Behat\Tester\StepTester->executeStep(Object(Behat\Gherkin\Node\StepNode))
#2 /Users/jflepine/Sites/atw/github/audit/vendor/behat/gherkin/src/Behat/Gherkin/Node/AbstractNode.php(42): Behat\Behat\Tester\StepTester->visit(Object(Behat\Gherkin\Node\StepNode))
#3 /Users/jflepine/Sites/atw/github/audit/vendor/behat/behat/src/Behat/Behat/Tester/ScenarioTester.php(148): Behat\Gherkin\Node\AbstractNode->accept(Object(Behat\Behat\Tester\StepTester))
#4 /Users/jflepine/Sites/atw/github/audit/vendor/behat/behat/src/Behat/Behat/Tester/ScenarioTester.php(87): Behat\Behat\Tester\ScenarioTester->visitStep(Object(Behat\Gherkin\Node\StepNode), Object(Behat\Gherkin\Node\ScenarioNode), Object(FeatureContext), Array, true)
#5 /Users/jflepine/Sites/atw/github/audit/vendor/behat/gherkin/src/Behat/Gherkin/Node/AbstractNode.php(42): Behat\Behat\Tester\ScenarioTester->visit(Object(Behat\Gherkin\Node\ScenarioNode))
#6 /Users/jflepine/Sites/atw/github/audit/vendor/behat/behat/src/Behat/Behat/Tester/FeatureTester.php(88): Behat\Gherkin\Node\AbstractNode->accept(Object(Behat\Behat\Tester\ScenarioTester))
#7 /Users/jflepine/Sites/atw/github/audit/vendor/behat/gherkin/src/Behat/Gherkin/Node/AbstractNode.php(42): Behat\Behat\Tester\FeatureTester->visit(Object(Behat\Gherkin\Node\FeatureNode))
#8 /Users/jflepine/Sites/atw/github/audit/vendor/behat/behat/src/Behat/Behat/Console/Command/BehatCommand.php(150): Behat\Gherkin\Node\AbstractNode->accept(Object(Behat\Behat\Tester\FeatureTester))
#9 /Users/jflepine/Sites/atw/github/audit/vendor/behat/behat/src/Behat/Behat/Console/Command/BehatCommand.php(128): Behat\Behat\Console\Command\BehatCommand->runFeatures(Object(Behat\Gherkin\Gherkin))
#10 /Users/jflepine/Sites/atw/github/audit/vendor/symfony/console/Symfony/Component/Console/Command/Command.php(238): Behat\Behat\Console\Command\BehatCommand->execute(Object(Symfony\Component\Console\Input\ArgvInput), Object(Symfony\Component\Console\Output\ConsoleOutput))
#11 /Users/jflepine/Sites/atw/github/audit/vendor/symfony/console/Symfony/Component/Console/Application.php(192): Symfony\Component\Console\Command\Command->run(Object(Symfony\Component\Console\Input\ArgvInput), Object(Symfony\Component\Console\Output\ConsoleOutput))
#12 /Users/jflepine/Sites/atw/github/audit/vendor/behat/behat/src/Behat/Behat/Console/BehatApplication.php(68): Symfony\Component\Console\Application->doRun(Object(Symfony\Component\Console\Input\ArgvInput), Object(Symfony\Component\Console\Output\ConsoleOutput))
#13 /Users/jflepine/Sites/atw/github/audit/vendor/symfony/console/Symfony/Component/Console/Application.php(105): Behat\Behat\Console\BehatApplication->doRun(Object(Symfony\Component\Console\Input\ArgvInput), Object(Symfony\Component\Console\Output\ConsoleOutput))
#14 /Users/jflepine/Sites/atw/github/audit/vendor/behat/behat/bin/behat(29): Symfony\Component\Console\Application->run()
#15 {main}
]]></failure>
        <failure message="Undefined step &quot;I am informed that the class &quot;class1&quot; contains &quot;2&quot; methods&quot;" type="undefined"><![CDATA[
exception 'Behat\Behat\Exception\UndefinedException' with message 'Undefined step "I am informed that the class "class1" contains "2" methods"' in /Users/jflepine/Sites/atw/github/audit/vendor/behat/behat/src/Behat/Behat/Definition/DefinitionDispatcher.php:169
Stack trace:
#0 /Users/jflepine/Sites/atw/github/audit/vendor/behat/behat/src/Behat/Behat/Tester/StepTester.php(117): Behat\Behat\Definition\DefinitionDispatcher->findDefinition(Object(FeatureContext), Object(Behat\Gherkin\Node\StepNode))
#1 /Users/jflepine/Sites/atw/github/audit/vendor/behat/behat/src/Behat/Behat/Tester/StepTester.php(95): Behat\Behat\Tester\StepTester->executeStep(Object(Behat\Gherkin\Node\StepNode))
#2 /Users/jflepine/Sites/atw/github/audit/vendor/behat/gherkin/src/Behat/Gherkin/Node/AbstractNode.php(42): Behat\Behat\Tester\StepTester->visit(Object(Behat\Gherkin\Node\StepNode))
#3 /Users/jflepine/Sites/atw/github/audit/vendor/behat/behat/src/Behat/Behat/Tester/ScenarioTester.php(148): Behat\Gherkin\Node\AbstractNode->accept(Object(Behat\Behat\Tester\StepTester))
#4 /Users/jflepine/Sites/atw/github/audit/vendor/behat/behat/src/Behat/Behat/Tester/ScenarioTester.php(87): Behat\Behat\Tester\ScenarioTester->visitStep(Object(Behat\Gherkin\Node\StepNode), Object(Behat\Gherkin\Node\ScenarioNode), Object(FeatureContext), Array, true)
#5 /Users/jflepine/Sites/atw/github/audit/vendor/behat/gherkin/src/Behat/Gherkin/Node/AbstractNode.php(42): Behat\Behat\Tester\ScenarioTester->visit(Object(Behat\Gherkin\Node\ScenarioNode))
#6 /Users/jflepine/Sites/atw/github/audit/vendor/behat/behat/src/Behat/Behat/Tester/FeatureTester.php(88): Behat\Gherkin\Node\AbstractNode->accept(Object(Behat\Behat\Tester\ScenarioTester))
#7 /Users/jflepine/Sites/atw/github/audit/vendor/behat/gherkin/src/Behat/Gherkin/Node/AbstractNode.php(42): Behat\Behat\Tester\FeatureTester->visit(Object(Behat\Gherkin\Node\FeatureNode))
#8 /Users/jflepine/Sites/atw/github/audit/vendor/behat/behat/src/Behat/Behat/Console/Command/BehatCommand.php(150): Behat\Gherkin\Node\AbstractNode->accept(Object(Behat\Behat\Tester\FeatureTester))
#9 /Users/jflepine/Sites/atw/github/audit/vendor/behat/behat/src/Behat/Behat/Console/Command/BehatCommand.php(128): Behat\Behat\Console\Command\BehatCommand->runFeatures(Object(Behat\Gherkin\Gherkin))
#10 /Users/jflepine/Sites/atw/github/audit/vendor/symfony/console/Symfony/Component/Console/Command/Command.php(238): Behat\Behat\Console\Command\BehatCommand->execute(Object(Symfony\Component\Console\Input\ArgvInput), Object(Symfony\Component\Console\Output\ConsoleOutput))
#11 /Users/jflepine/Sites/atw/github/audit/vendor/symfony/console/Symfony/Component/Console/Application.php(192): Symfony\Component\Console\Command\Command->run(Object(Symfony\Component\Console\Input\ArgvInput), Object(Symfony\Component\Console\Output\ConsoleOutput))
#12 /Users/jflepine/Sites/atw/github/audit/vendor/behat/behat/src/Behat/Behat/Console/BehatApplication.php(68): Symfony\Component\Console\Application->doRun(Object(Symfony\Component\Console\Input\ArgvInput), Object(Symfony\Component\Console\Output\ConsoleOutput))
#13 /Users/jflepine/Sites/atw/github/audit/vendor/symfony/console/Symfony/Component/Console/Application.php(105): Behat\Behat\Console\BehatApplication->doRun(Object(Symfony\Component\Console\Input\ArgvInput), Object(Symfony\Component\Console\Output\ConsoleOutput))
#14 /Users/jflepine/Sites/atw/github/audit/vendor/behat/behat/bin/behat(29): Symfony\Component\Console\Application->run()
#15 {main}
]]></failure>
        <failure message="Undefined step &quot;I am informed that the class &quot;class1&quot; contains the following methods:&quot;" type="undefined"><![CDATA[
exception 'Behat\Behat\Exception\UndefinedException' with message 'Undefined step "I am informed that the class "class1" contains the following methods:"' in /Users/jflepine/Sites/atw/github/audit/vendor/behat/behat/src/Behat/Behat/Definition/DefinitionDispatcher.php:169
Stack trace:
#0 /Users/jflepine/Sites/atw/github/audit/vendor/behat/behat/src/Behat/Behat/Tester/StepTester.php(117): Behat\Behat\Definition\DefinitionDispatcher->findDefinition(Object(FeatureContext), Object(Behat\Gherkin\Node\StepNode))
#1 /Users/jflepine/Sites/atw/github/audit/vendor/behat/behat/src/Behat/Behat/Tester/StepTester.php(95): Behat\Behat\Tester\StepTester->executeStep(Object(Behat\Gherkin\Node\StepNode))
#2 /Users/jflepine/Sites/atw/github/audit/vendor/behat/gherkin/src/Behat/Gherkin/Node/AbstractNode.php(42): Behat\Behat\Tester\StepTester->visit(Object(Behat\Gherkin\Node\StepNode))
#3 /Users/jflepine/Sites/atw/github/audit/vendor/behat/behat/src/Behat/Behat/Tester/ScenarioTester.php(148): Behat\Gherkin\Node\AbstractNode->accept(Object(Behat\Behat\Tester\StepTester))
#4 /Users/jflepine/Sites/atw/github/audit/vendor/behat/behat/src/Behat/Behat/Tester/ScenarioTester.php(87): Behat\Behat\Tester\ScenarioTester->visitStep(Object(Behat\Gherkin\Node\StepNode), Object(Behat\Gherkin\Node\ScenarioNode), Object(FeatureContext), Array, true)
#5 /Users/jflepine/Sites/atw/github/audit/vendor/behat/gherkin/src/Behat/Gherkin/Node/AbstractNode.php(42): Behat\Behat\Tester\ScenarioTester->visit(Object(Behat\Gherkin\Node\ScenarioNode))
#6 /Users/jflepine/Sites/atw/github/audit/vendor/behat/behat/src/Behat/Behat/Tester/FeatureTester.php(88): Behat\Gherkin\Node\AbstractNode->accept(Object(Behat\Behat\Tester\ScenarioTester))
#7 /Users/jflepine/Sites/atw/github/audit/vendor/behat/gherkin/src/Behat/Gherkin/Node/AbstractNode.php(42): Behat\Behat\Tester\FeatureTester->visit(Object(Behat\Gherkin\Node\FeatureNode))
#8 /Users/jflepine/Sites/atw/github/audit/vendor/behat/behat/src/Behat/Behat/Console/Command/BehatCommand.php(150): Behat\Gherkin\Node\AbstractNode->accept(Object(Behat\Behat\Tester\FeatureTester))
#9 /Users/jflepine/Sites/atw/github/audit/vendor/behat/behat/src/Behat/Behat/Console/Command/BehatCommand.php(128): Behat\Behat\Console\Command\BehatCommand->runFeatures(Object(Behat\Gherkin\Gherkin))
#10 /Users/jflepine/Sites/atw/github/audit/vendor/symfony/console/Symfony/Component/Console/Command/Command.php(238): Behat\Behat\Console\Command\BehatCommand->execute(Object(Symfony\Component\Console\Input\ArgvInput), Object(Symfony\Component\Console\Output\ConsoleOutput))
#11 /Users/jflepine/Sites/atw/github/audit/vendor/symfony/console/Symfony/Component/Console/Application.php(192): Symfony\Component\Console\Command\Command->run(Object(Symfony\Component\Console\Input\ArgvInput), Object(Symfony\Component\Console\Output\ConsoleOutput))
#12 /Users/jflepine/Sites/atw/github/audit/vendor/behat/behat/src/Behat/Behat/Console/BehatApplication.php(68): Symfony\Component\Console\Application->doRun(Object(Symfony\Component\Console\Input\ArgvInput), Object(Symfony\Component\Console\Output\ConsoleOutput))
#13 /Users/jflepine/Sites/atw/github/audit/vendor/symfony/console/Symfony/Component/Console/Application.php(105): Behat\Behat\Console\BehatApplication->doRun(Object(Symfony\Component\Console\Input\ArgvInput), Object(Symfony\Component\Console\Output\ConsoleOutput))
#14 /Users/jflepine/Sites/atw/github/audit/vendor/behat/behat/bin/behat(29): Symfony\Component\Console\Application->run()
#15 {main}
]]></failure>
    </testcase>
    <testcase classname="Get the structure of any class" name="Get meta-tag informations about class" time="0.002643">
        <failure message="Undefined step &quot;I am a standard user&quot;" type="undefined"><![CDATA[
exception 'Behat\Behat\Exception\UndefinedException' with message 'Undefined step "I am a standard user"' in /Users/jflepine/Sites/atw/github/audit/vendor/behat/behat/src/Behat/Behat/Definition/DefinitionDispatcher.php:169
Stack trace:
#0 /Users/jflepine/Sites/atw/github/audit/vendor/behat/behat/src/Behat/Behat/Tester/StepTester.php(117): Behat\Behat\Definition\DefinitionDispatcher->findDefinition(Object(FeatureContext), Object(Behat\Gherkin\Node\StepNode))
#1 /Users/jflepine/Sites/atw/github/audit/vendor/behat/behat/src/Behat/Behat/Tester/StepTester.php(95): Behat\Behat\Tester\StepTester->executeStep(Object(Behat\Gherkin\Node\StepNode))
#2 /Users/jflepine/Sites/atw/github/audit/vendor/behat/gherkin/src/Behat/Gherkin/Node/AbstractNode.php(42): Behat\Behat\Tester\StepTester->visit(Object(Behat\Gherkin\Node\StepNode))
#3 /Users/jflepine/Sites/atw/github/audit/vendor/behat/behat/src/Behat/Behat/Tester/BackgroundTester.php(97): Behat\Gherkin\Node\AbstractNode->accept(Object(Behat\Behat\Tester\StepTester))
#4 /Users/jflepine/Sites/atw/github/audit/vendor/behat/gherkin/src/Behat/Gherkin/Node/AbstractNode.php(42): Behat\Behat\Tester\BackgroundTester->visit(Object(Behat\Gherkin\Node\BackgroundNode))
#5 /Users/jflepine/Sites/atw/github/audit/vendor/behat/behat/src/Behat/Behat/Tester/ScenarioTester.php(120): Behat\Gherkin\Node\AbstractNode->accept(Object(Behat\Behat\Tester\BackgroundTester))
#6 /Users/jflepine/Sites/atw/github/audit/vendor/behat/behat/src/Behat/Behat/Tester/ScenarioTester.php(78): Behat\Behat\Tester\ScenarioTester->visitBackground(Object(Behat\Gherkin\Node\BackgroundNode), Object(Behat\Gherkin\Node\ScenarioNode), Object(FeatureContext))
#7 /Users/jflepine/Sites/atw/github/audit/vendor/behat/gherkin/src/Behat/Gherkin/Node/AbstractNode.php(42): Behat\Behat\Tester\ScenarioTester->visit(Object(Behat\Gherkin\Node\ScenarioNode))
#8 /Users/jflepine/Sites/atw/github/audit/vendor/behat/behat/src/Behat/Behat/Tester/FeatureTester.php(88): Behat\Gherkin\Node\AbstractNode->accept(Object(Behat\Behat\Tester\ScenarioTester))
#9 /Users/jflepine/Sites/atw/github/audit/vendor/behat/gherkin/src/Behat/Gherkin/Node/AbstractNode.php(42): Behat\Behat\Tester\FeatureTester->visit(Object(Behat\Gherkin\Node\FeatureNode))
#10 /Users/jflepine/Sites/atw/github/audit/vendor/behat/behat/src/Behat/Behat/Console/Command/BehatCommand.php(150): Behat\Gherkin\Node\AbstractNode->accept(Object(Behat\Behat\Tester\FeatureTester))
#11 /Users/jflepine/Sites/atw/github/audit/vendor/behat/behat/src/Behat/Behat/Console/Command/BehatCommand.php(128): Behat\Behat\Console\Command\BehatCommand->runFeatures(Object(Behat\Gherkin\Gherkin))
#12 /Users/jflepine/Sites/atw/github/audit/vendor/symfony/console/Symfony/Component/Console/Command/Command.php(238): Behat\Behat\Console\Command\BehatCommand->execute(Object(Symfony\Component\Console\Input\ArgvInput), Object(Symfony\Component\Console\Output\ConsoleOutput))
#13 /Users/jflepine/Sites/atw/github/audit/vendor/symfony/console/Symfony/Component/Console/Application.php(192): Symfony\Component\Console\Command\Command->run(Object(Symfony\Component\Console\Input\ArgvInput), Object(Symfony\Component\Console\Output\ConsoleOutput))
#14 /Users/jflepine/Sites/atw/github/audit/vendor/behat/behat/src/Behat/Behat/Console/BehatApplication.php(68): Symfony\Component\Console\Application->doRun(Object(Symfony\Component\Console\Input\ArgvInput), Object(Symfony\Component\Console\Output\ConsoleOutput))
#15 /Users/jflepine/Sites/atw/github/audit/vendor/symfony/console/Symfony/Component/Console/Application.php(105): Behat\Behat\Console\BehatApplication->doRun(Object(Symfony\Component\Console\Input\ArgvInput), Object(Symfony\Component\Console\Output\ConsoleOutput))
#16 /Users/jflepine/Sites/atw/github/audit/vendor/behat/behat/bin/behat(29): Symfony\Component\Console\Application->run()
#17 {main}
]]></failure>
        <failure message="Undefined step &quot;that the class &quot;class1&quot; exists&quot;" type="undefined"><![CDATA[
exception 'Behat\Behat\Exception\UndefinedException' with message 'Undefined step "that the class "class1" exists"' in /Users/jflepine/Sites/atw/github/audit/vendor/behat/behat/src/Behat/Behat/Definition/DefinitionDispatcher.php:169
Stack trace:
#0 /Users/jflepine/Sites/atw/github/audit/vendor/behat/behat/src/Behat/Behat/Tester/StepTester.php(117): Behat\Behat\Definition\DefinitionDispatcher->findDefinition(Object(FeatureContext), Object(Behat\Gherkin\Node\StepNode))
#1 /Users/jflepine/Sites/atw/github/audit/vendor/behat/behat/src/Behat/Behat/Tester/StepTester.php(95): Behat\Behat\Tester\StepTester->executeStep(Object(Behat\Gherkin\Node\StepNode))
#2 /Users/jflepine/Sites/atw/github/audit/vendor/behat/gherkin/src/Behat/Gherkin/Node/AbstractNode.php(42): Behat\Behat\Tester\StepTester->visit(Object(Behat\Gherkin\Node\StepNode))
#3 /Users/jflepine/Sites/atw/github/audit/vendor/behat/behat/src/Behat/Behat/Tester/ScenarioTester.php(148): Behat\Gherkin\Node\AbstractNode->accept(Object(Behat\Behat\Tester\StepTester))
#4 /Users/jflepine/Sites/atw/github/audit/vendor/behat/behat/src/Behat/Behat/Tester/ScenarioTester.php(87): Behat\Behat\Tester\ScenarioTester->visitStep(Object(Behat\Gherkin\Node\StepNode), Object(Behat\Gherkin\Node\ScenarioNode), Object(FeatureContext), Array, true)
#5 /Users/jflepine/Sites/atw/github/audit/vendor/behat/gherkin/src/Behat/Gherkin/Node/AbstractNode.php(42): Behat\Behat\Tester\ScenarioTester->visit(Object(Behat\Gherkin\Node\ScenarioNode))
#6 /Users/jflepine/Sites/atw/github/audit/vendor/behat/behat/src/Behat/Behat/Tester/FeatureTester.php(88): Behat\Gherkin\Node\AbstractNode->accept(Object(Behat\Behat\Tester\ScenarioTester))
#7 /Users/jflepine/Sites/atw/github/audit/vendor/behat/gherkin/src/Behat/Gherkin/Node/AbstractNode.php(42): Behat\Behat\Tester\FeatureTester->visit(Object(Behat\Gherkin\Node\FeatureNode))
#8 /Users/jflepine/Sites/atw/github/audit/vendor/behat/behat/src/Behat/Behat/Console/Command/BehatCommand.php(150): Behat\Gherkin\Node\AbstractNode->accept(Object(Behat\Behat\Tester\FeatureTester))
#9 /Users/jflepine/Sites/atw/github/audit/vendor/behat/behat/src/Behat/Behat/Console/Command/BehatCommand.php(128): Behat\Behat\Console\Command\BehatCommand->runFeatures(Object(Behat\Gherkin\Gherkin))
#10 /Users/jflepine/Sites/atw/github/audit/vendor/symfony/console/Symfony/Component/Console/Command/Command.php(238): Behat\Behat\Console\Command\BehatCommand->execute(Object(Symfony\Component\Console\Input\ArgvInput), Object(Symfony\Component\Console\Output\ConsoleOutput))
#11 /Users/jflepine/Sites/atw/github/audit/vendor/symfony/console/Symfony/Component/Console/Application.php(192): Symfony\Component\Console\Command\Command->run(Object(Symfony\Component\Console\Input\ArgvInput), Object(Symfony\Component\Console\Output\ConsoleOutput))
#12 /Users/jflepine/Sites/atw/github/audit/vendor/behat/behat/src/Behat/Behat/Console/BehatApplication.php(68): Symfony\Component\Console\Application->doRun(Object(Symfony\Component\Console\Input\ArgvInput), Object(Symfony\Component\Console\Output\ConsoleOutput))
#13 /Users/jflepine/Sites/atw/github/audit/vendor/symfony/console/Symfony/Component/Console/Application.php(105): Behat\Behat\Console\BehatApplication->doRun(Object(Symfony\Component\Console\Input\ArgvInput), Object(Symfony\Component\Console\Output\ConsoleOutput))
#14 /Users/jflepine/Sites/atw/github/audit/vendor/behat/behat/bin/behat(29): Symfony\Component\Console\Application->run()
#15 {main}
]]></failure>
        <failure message="Undefined step &quot;the class &quot;class1&quot; is tagged with &quot;@author jeff&quot;&quot;" type="undefined"><![CDATA[
exception 'Behat\Behat\Exception\UndefinedException' with message 'Undefined step "the class "class1" is tagged with "@author jeff""' in /Users/jflepine/Sites/atw/github/audit/vendor/behat/behat/src/Behat/Behat/Definition/DefinitionDispatcher.php:169
Stack trace:
#0 /Users/jflepine/Sites/atw/github/audit/vendor/behat/behat/src/Behat/Behat/Tester/StepTester.php(117): Behat\Behat\Definition\DefinitionDispatcher->findDefinition(Object(FeatureContext), Object(Behat\Gherkin\Node\StepNode))
#1 /Users/jflepine/Sites/atw/github/audit/vendor/behat/behat/src/Behat/Behat/Tester/StepTester.php(95): Behat\Behat\Tester\StepTester->executeStep(Object(Behat\Gherkin\Node\StepNode))
#2 /Users/jflepine/Sites/atw/github/audit/vendor/behat/gherkin/src/Behat/Gherkin/Node/AbstractNode.php(42): Behat\Behat\Tester\StepTester->visit(Object(Behat\Gherkin\Node\StepNode))
#3 /Users/jflepine/Sites/atw/github/audit/vendor/behat/behat/src/Behat/Behat/Tester/ScenarioTester.php(148): Behat\Gherkin\Node\AbstractNode->accept(Object(Behat\Behat\Tester\StepTester))
#4 /Users/jflepine/Sites/atw/github/audit/vendor/behat/behat/src/Behat/Behat/Tester/ScenarioTester.php(87): Behat\Behat\Tester\ScenarioTester->visitStep(Object(Behat\Gherkin\Node\StepNode), Object(Behat\Gherkin\Node\ScenarioNode), Object(FeatureContext), Array, true)
#5 /Users/jflepine/Sites/atw/github/audit/vendor/behat/gherkin/src/Behat/Gherkin/Node/AbstractNode.php(42): Behat\Behat\Tester\ScenarioTester->visit(Object(Behat\Gherkin\Node\ScenarioNode))
#6 /Users/jflepine/Sites/atw/github/audit/vendor/behat/behat/src/Behat/Behat/Tester/FeatureTester.php(88): Behat\Gherkin\Node\AbstractNode->accept(Object(Behat\Behat\Tester\ScenarioTester))
#7 /Users/jflepine/Sites/atw/github/audit/vendor/behat/gherkin/src/Behat/Gherkin/Node/AbstractNode.php(42): Behat\Behat\Tester\FeatureTester->visit(Object(Behat\Gherkin\Node\FeatureNode))
#8 /Users/jflepine/Sites/atw/github/audit/vendor/behat/behat/src/Behat/Behat/Console/Command/BehatCommand.php(150): Behat\Gherkin\Node\AbstractNode->accept(Object(Behat\Behat\Tester\FeatureTester))
#9 /Users/jflepine/Sites/atw/github/audit/vendor/behat/behat/src/Behat/Behat/Console/Command/BehatCommand.php(128): Behat\Behat\Console\Command\BehatCommand->runFeatures(Object(Behat\Gherkin\Gherkin))
#10 /Users/jflepine/Sites/atw/github/audit/vendor/symfony/console/Symfony/Component/Console/Command/Command.php(238): Behat\Behat\Console\Command\BehatCommand->execute(Object(Symfony\Component\Console\Input\ArgvInput), Object(Symfony\Component\Console\Output\ConsoleOutput))
#11 /Users/jflepine/Sites/atw/github/audit/vendor/symfony/console/Symfony/Component/Console/Application.php(192): Symfony\Component\Console\Command\Command->run(Object(Symfony\Component\Console\Input\ArgvInput), Object(Symfony\Component\Console\Output\ConsoleOutput))
#12 /Users/jflepine/Sites/atw/github/audit/vendor/behat/behat/src/Behat/Behat/Console/BehatApplication.php(68): Symfony\Component\Console\Application->doRun(Object(Symfony\Component\Console\Input\ArgvInput), Object(Symfony\Component\Console\Output\ConsoleOutput))
#13 /Users/jflepine/Sites/atw/github/audit/vendor/symfony/console/Symfony/Component/Console/Application.php(105): Behat\Behat\Console\BehatApplication->doRun(Object(Symfony\Component\Console\Input\ArgvInput), Object(Symfony\Component\Console\Output\ConsoleOutput))
#14 /Users/jflepine/Sites/atw/github/audit/vendor/behat/behat/bin/behat(29): Symfony\Component\Console\Application->run()
#15 {main}
]]></failure>
        <failure message="Undefined step &quot;I analyse the structure of the class&quot;" type="undefined"><![CDATA[
exception 'Behat\Behat\Exception\UndefinedException' with message 'Undefined step "I analyse the structure of the class"' in /Users/jflepine/Sites/atw/github/audit/vendor/behat/behat/src/Behat/Behat/Definition/DefinitionDispatcher.php:169
Stack trace:
#0 /Users/jflepine/Sites/atw/github/audit/vendor/behat/behat/src/Behat/Behat/Tester/StepTester.php(117): Behat\Behat\Definition\DefinitionDispatcher->findDefinition(Object(FeatureContext), Object(Behat\Gherkin\Node\StepNode))
#1 /Users/jflepine/Sites/atw/github/audit/vendor/behat/behat/src/Behat/Behat/Tester/StepTester.php(95): Behat\Behat\Tester\StepTester->executeStep(Object(Behat\Gherkin\Node\StepNode))
#2 /Users/jflepine/Sites/atw/github/audit/vendor/behat/gherkin/src/Behat/Gherkin/Node/AbstractNode.php(42): Behat\Behat\Tester\StepTester->visit(Object(Behat\Gherkin\Node\StepNode))
#3 /Users/jflepine/Sites/atw/github/audit/vendor/behat/behat/src/Behat/Behat/Tester/ScenarioTester.php(148): Behat\Gherkin\Node\AbstractNode->accept(Object(Behat\Behat\Tester\StepTester))
#4 /Users/jflepine/Sites/atw/github/audit/vendor/behat/behat/src/Behat/Behat/Tester/ScenarioTester.php(87): Behat\Behat\Tester\ScenarioTester->visitStep(Object(Behat\Gherkin\Node\StepNode), Object(Behat\Gherkin\Node\ScenarioNode), Object(FeatureContext), Array, true)
#5 /Users/jflepine/Sites/atw/github/audit/vendor/behat/gherkin/src/Behat/Gherkin/Node/AbstractNode.php(42): Behat\Behat\Tester\ScenarioTester->visit(Object(Behat\Gherkin\Node\ScenarioNode))
#6 /Users/jflepine/Sites/atw/github/audit/vendor/behat/behat/src/Behat/Behat/Tester/FeatureTester.php(88): Behat\Gherkin\Node\AbstractNode->accept(Object(Behat\Behat\Tester\ScenarioTester))
#7 /Users/jflepine/Sites/atw/github/audit/vendor/behat/gherkin/src/Behat/Gherkin/Node/AbstractNode.php(42): Behat\Behat\Tester\FeatureTester->visit(Object(Behat\Gherkin\Node\FeatureNode))
#8 /Users/jflepine/Sites/atw/github/audit/vendor/behat/behat/src/Behat/Behat/Console/Command/BehatCommand.php(150): Behat\Gherkin\Node\AbstractNode->accept(Object(Behat\Behat\Tester\FeatureTester))
#9 /Users/jflepine/Sites/atw/github/audit/vendor/behat/behat/src/Behat/Behat/Console/Command/BehatCommand.php(128): Behat\Behat\Console\Command\BehatCommand->runFeatures(Object(Behat\Gherkin\Gherkin))
#10 /Users/jflepine/Sites/atw/github/audit/vendor/symfony/console/Symfony/Component/Console/Command/Command.php(238): Behat\Behat\Console\Command\BehatCommand->execute(Object(Symfony\Component\Console\Input\ArgvInput), Object(Symfony\Component\Console\Output\ConsoleOutput))
#11 /Users/jflepine/Sites/atw/github/audit/vendor/symfony/console/Symfony/Component/Console/Application.php(192): Symfony\Component\Console\Command\Command->run(Object(Symfony\Component\Console\Input\ArgvInput), Object(Symfony\Component\Console\Output\ConsoleOutput))
#12 /Users/jflepine/Sites/atw/github/audit/vendor/behat/behat/src/Behat/Behat/Console/BehatApplication.php(68): Symfony\Component\Console\Application->doRun(Object(Symfony\Component\Console\Input\ArgvInput), Object(Symfony\Component\Console\Output\ConsoleOutput))
#13 /Users/jflepine/Sites/atw/github/audit/vendor/symfony/console/Symfony/Component/Console/Application.php(105): Behat\Behat\Console\BehatApplication->doRun(Object(Symfony\Component\Console\Input\ArgvInput), Object(Symfony\Component\Console\Output\ConsoleOutput))
#14 /Users/jflepine/Sites/atw/github/audit/vendor/behat/behat/bin/behat(29): Symfony\Component\Console\Application->run()
#15 {main}
]]></failure>
        <failure message="Undefined step &quot;I am informed that the tag &quot;author&quot; of class &quot;class1&quot; has a value &quot;jeff&quot;&quot;" type="undefined"><![CDATA[
exception 'Behat\Behat\Exception\UndefinedException' with message 'Undefined step "I am informed that the tag "author" of class "class1" has a value "jeff""' in /Users/jflepine/Sites/atw/github/audit/vendor/behat/behat/src/Behat/Behat/Definition/DefinitionDispatcher.php:169
Stack trace:
#0 /Users/jflepine/Sites/atw/github/audit/vendor/behat/behat/src/Behat/Behat/Tester/StepTester.php(117): Behat\Behat\Definition\DefinitionDispatcher->findDefinition(Object(FeatureContext), Object(Behat\Gherkin\Node\StepNode))
#1 /Users/jflepine/Sites/atw/github/audit/vendor/behat/behat/src/Behat/Behat/Tester/StepTester.php(95): Behat\Behat\Tester\StepTester->executeStep(Object(Behat\Gherkin\Node\StepNode))
#2 /Users/jflepine/Sites/atw/github/audit/vendor/behat/gherkin/src/Behat/Gherkin/Node/AbstractNode.php(42): Behat\Behat\Tester\StepTester->visit(Object(Behat\Gherkin\Node\StepNode))
#3 /Users/jflepine/Sites/atw/github/audit/vendor/behat/behat/src/Behat/Behat/Tester/ScenarioTester.php(148): Behat\Gherkin\Node\AbstractNode->accept(Object(Behat\Behat\Tester\StepTester))
#4 /Users/jflepine/Sites/atw/github/audit/vendor/behat/behat/src/Behat/Behat/Tester/ScenarioTester.php(87): Behat\Behat\Tester\ScenarioTester->visitStep(Object(Behat\Gherkin\Node\StepNode), Object(Behat\Gherkin\Node\ScenarioNode), Object(FeatureContext), Array, true)
#5 /Users/jflepine/Sites/atw/github/audit/vendor/behat/gherkin/src/Behat/Gherkin/Node/AbstractNode.php(42): Behat\Behat\Tester\ScenarioTester->visit(Object(Behat\Gherkin\Node\ScenarioNode))
#6 /Users/jflepine/Sites/atw/github/audit/vendor/behat/behat/src/Behat/Behat/Tester/FeatureTester.php(88): Behat\Gherkin\Node\AbstractNode->accept(Object(Behat\Behat\Tester\ScenarioTester))
#7 /Users/jflepine/Sites/atw/github/audit/vendor/behat/gherkin/src/Behat/Gherkin/Node/AbstractNode.php(42): Behat\Behat\Tester\FeatureTester->visit(Object(Behat\Gherkin\Node\FeatureNode))
#8 /Users/jflepine/Sites/atw/github/audit/vendor/behat/behat/src/Behat/Behat/Console/Command/BehatCommand.php(150): Behat\Gherkin\Node\AbstractNode->accept(Object(Behat\Behat\Tester\FeatureTester))
#9 /Users/jflepine/Sites/atw/github/audit/vendor/behat/behat/src/Behat/Behat/Console/Command/BehatCommand.php(128): Behat\Behat\Console\Command\BehatCommand->runFeatures(Object(Behat\Gherkin\Gherkin))
#10 /Users/jflepine/Sites/atw/github/audit/vendor/symfony/console/Symfony/Component/Console/Command/Command.php(238): Behat\Behat\Console\Command\BehatCommand->execute(Object(Symfony\Component\Console\Input\ArgvInput), Object(Symfony\Component\Console\Output\ConsoleOutput))
#11 /Users/jflepine/Sites/atw/github/audit/vendor/symfony/console/Symfony/Component/Console/Application.php(192): Symfony\Component\Console\Command\Command->run(Object(Symfony\Component\Console\Input\ArgvInput), Object(Symfony\Component\Console\Output\ConsoleOutput))
#12 /Users/jflepine/Sites/atw/github/audit/vendor/behat/behat/src/Behat/Behat/Console/BehatApplication.php(68): Symfony\Component\Console\Application->doRun(Object(Symfony\Component\Console\Input\ArgvInput), Object(Symfony\Component\Console\Output\ConsoleOutput))
#13 /Users/jflepine/Sites/atw/github/audit/vendor/symfony/console/Symfony/Component/Console/Application.php(105): Behat\Behat\Console\BehatApplication->doRun(Object(Symfony\Component\Console\Input\ArgvInput), Object(Symfony\Component\Console\Output\ConsoleOutput))
#14 /Users/jflepine/Sites/atw/github/audit/vendor/behat/behat/bin/behat(29): Symfony\Component\Console\Application->run()
#15 {main}
]]></failure>
    </testcase>
</testsuite>
